<?xml version="1.0" encoding="UTF-8"?>
<testng-results skipped="0" failed="0" ignored="0" total="1" passed="1">
  <reporter-output>
  </reporter-output>
  <suite name="Default suite" duration-ms="1928" started-at="2020-06-26T22:38:17Z" finished-at="2020-06-26T22:38:19Z">
    <groups>
    </groups>
    <test name="Default test" duration-ms="1928" started-at="2020-06-26T22:38:17Z" finished-at="2020-06-26T22:38:19Z">
      <class name="Rest.RestAssuredTestcase.PostAPIResponse">
        <test-method status="PASS" signature="RegistrationSuccessful()[pri:0, instance:Rest.RestAssuredTestcase.PostAPIResponse@39aeed2f]" name="RegistrationSuccessful" duration-ms="1903" started-at="2020-06-26T22:38:17Z" finished-at="2020-06-26T22:38:19Z">
          <reporter-output>
          </reporter-output>
        </test-method> <!-- RegistrationSuccessful -->
      </class> <!-- Rest.RestAssuredTestcase.PostAPIResponse -->
    </test> <!-- Default test -->
  </suite> <!-- Default suite -->
</testng-results>
